<?xml version="1.0" encoding="UTF-8"?>
<testng-results ignored="0" total="1" passed="1" failed="0" skipped="0">
  <reporter-output>
  </reporter-output>
  <suite started-at="2025-05-04T12:17:30 IST" name="Default suite" finished-at="2025-05-04T12:17:38 IST" duration-ms="8287">
    <groups>
    </groups>
    <test started-at="2025-05-04T12:17:30 IST" name="Default test" finished-at="2025-05-04T12:17:38 IST" duration-ms="8287">
      <class name="Test_Cases.Login">
        <test-method is-config="true" signature="beforeClass()[pri:0, instance:Test_Cases.Login@548d708a]" started-at="2025-05-04T12:17:30 IST" name="beforeClass" finished-at="2025-05-04T12:17:38 IST" duration-ms="7619" status="PASS">
          <reporter-output>
          </reporter-output>
        </test-method> <!-- beforeClass -->
        <test-method signature="Login_With_Valid_Credential()[pri:0, instance:Test_Cases.Login@548d708a]" started-at="2025-05-04T12:17:38 IST" name="Login_With_Valid_Credential" finished-at="2025-05-04T12:17:38 IST" duration-ms="635" status="PASS">
          <reporter-output>
          </reporter-output>
        </test-method> <!-- Login_With_Valid_Credential -->
        <test-method is-config="true" signature="afterClass()[pri:0, instance:Test_Cases.Login@548d708a]" started-at="2025-05-04T12:17:38 IST" name="afterClass" finished-at="2025-05-04T12:17:38 IST" duration-ms="0" status="PASS">
          <reporter-output>
          </reporter-output>
        </test-method> <!-- afterClass -->
      </class> <!-- Test_Cases.Login -->
    </test> <!-- Default test -->
  </suite> <!-- Default suite -->
</testng-results>
