<?xml version="1.0" encoding="UTF-8"?>
<!-- Generated by org.testng.reporters.JUnitReportReporter -->
<testsuite hostname="LAPTOP-I4QNNHIU" failures="0" tests="3" name="com.selenium.Prac1" time="0.009" errors="0" timestamp="2025-04-20T19:13:02 IST" skipped="0">
  <testcase classname="com.selenium.Prac1" name="f" time="0.001"/>
  <system-out/>
  <testcase classname="com.selenium.Prac1" name="f" time="0.007"/>
  <system-out/>
  <testcase classname="com.selenium.Prac1" name="f" time="0.001"/>
  <system-out/>
</testsuite> <!-- com.selenium.Prac1 -->
