<?xml version="1.0" encoding="UTF-8"?>
<!-- Generated by org.testng.reporters.JUnitXMLReporter -->
<testsuite ignored="0" hostname="LAPTOP-I4QNNHIU" failures="1" tests="1" name="Dummy" time="8.372" errors="0" timestamp="2025-04-27T13:55:01 IST">
  <testcase classname="com.selenium.Selenium_day1" name="test" time="0.0">
    <failure type="org.testng.TestNGException" message="
Parameter &amp;apos;userame&amp;apos; is required by @Test on method test but has not been marked @Optional or defined
in C:\Users\Gold Raja\Desktop\Selenium\com.selenium\testng.xml">
      <![CDATA[org.testng.TestNGException: 
Parameter 'userame' is required by @Test on method test but has not been marked @Optional or defined
in C:\Users\Gold Raja\Desktop\Selenium\com.selenium\testng.xml
at java.base/java.util.ArrayList.forEach(ArrayList.java:1511)
... Removed 26 stack frames]]>
    </failure>
  </testcase> <!-- test -->
</testsuite> <!-- Dummy -->
