<?xml version="1.0" encoding="UTF-8"?>
<!-- Generated by org.testng.reporters.JUnitXMLReporter -->
<testsuite ignored="0" hostname="LAPTOP-I4QNNHIU" failures="1" tests="1" name="Test" time="10.303" errors="0" timestamp="2025-04-27T18:48:38 IST">
  <testcase classname="com.selenium.Selenium_day1" name="test" time="2.218">
    <failure type="java.lang.AssertionError" message="expected [My Actions] but found [[[ChromeDriver: chrome on windows (a67baa6f9d977289910c2db312b17771)] -&amp;gt; xpath: //p[text()=&amp;apos;My Actions&amp;apos;]]]">
      <![CDATA[java.lang.AssertionError: expected [My Actions] but found [[[ChromeDriver: chrome on windows (a67baa6f9d977289910c2db312b17771)] -> xpath: //p[text()='My Actions']]]
at com.selenium.Selenium_day1.test(Selenium_day1.java:58)
at java.base/java.util.ArrayList.forEach(ArrayList.java:1511)
... Removed 36 stack frames]]>
    </failure>
  </testcase> <!-- test -->
</testsuite> <!-- Test -->
